<?xml version="1.0" encoding="UTF-8"?>
<coverage generated="1610940875529" clover="3.2.0">
  <project timestamp="1610940875529" name="All files">
    <metrics statements="16" coveredstatements="16" conditionals="4" coveredconditionals="4" methods="3" coveredmethods="3" elements="23" coveredelements="23" complexity="0" loc="16" ncloc="16" packages="1" files="2" classes="2"/>
    <file name="discounts.js" path="/Users/luilucena/Documents/Personal/walmartTest/server/services/discounts.js">
      <metrics statements="11" coveredstatements="11" conditionals="4" coveredconditionals="4" methods="2" coveredmethods="2"/>
      <line num="1" count="1" type="stmt"/>
      <line num="3" count="1" type="stmt"/>
      <line num="4" count="5" type="stmt"/>
      <line num="5" count="5" type="stmt"/>
      <line num="6" count="5" type="stmt"/>
      <line num="7" count="5" type="cond" truecount="2" falsecount="0"/>
      <line num="8" count="5" type="stmt"/>
      <line num="9" count="8" type="cond" truecount="2" falsecount="0"/>
      <line num="10" count="4" type="stmt"/>
      <line num="13" count="5" type="stmt"/>
      <line num="16" count="1" type="stmt"/>
    </file>
    <file name="products.js" path="/Users/luilucena/Documents/Personal/walmartTest/server/services/products.js">
      <metrics statements="5" coveredstatements="5" conditionals="0" coveredconditionals="0" methods="1" coveredmethods="1"/>
      <line num="1" count="1" type="stmt"/>
      <line num="3" count="1" type="stmt"/>
      <line num="4" count="1" type="stmt"/>
      <line num="5" count="1" type="stmt"/>
      <line num="8" count="1" type="stmt"/>
    </file>
  </project>
</coverage>
